Using pre-set license
Built from '2020.3/staging' branch; Version is '2020.3.39f1 (fd6670bb8be9) revision 16606832'; Using compiler version '192528614'; Build Type 'Release'
OS: 'Windows 10  (10.0.19045) 64bit Professional' Language: 'en' Physical Memory: 32632 MB
BatchMode: 1, IsHumanControllingUs: 0, StartBugReporterOnCrash: 0, Is64bit: 1, IsPro: 0

COMMAND LINE ARGUMENTS:
C:\Program Files\Unity\Hub\Editor\2020.3.39f1\Editor\Unity.exe
-adb2
-batchMode
-noUpm
-name
AssetImportWorker0
-projectPath
C:/Users/k10lab-p5/Documents/GitHub/Plush-Panic/Plush Panic
-logFile
Logs/AssetImportWorker0.log
-srvPort
59659
Successfully changed project path to: C:/Users/k10lab-p5/Documents/GitHub/Plush-Panic/Plush Panic
C:/Users/k10lab-p5/Documents/GitHub/Plush-Panic/Plush Panic
Using Asset Import Pipeline V2.
Refreshing native plugins compatible for Editor in 33.90 ms, found 2 plugins.
Preloading 0 native plugins for Editor in 0.00 ms.
Initialize engine version: 2020.3.39f1 (fd6670bb8be9)
[Subsystems] Discovering subsystems at path C:/Program Files/Unity/Hub/Editor/2020.3.39f1/Editor/Data/Resources/UnitySubsystems
[Subsystems] Discovering subsystems at path C:/Users/k10lab-p5/Documents/GitHub/Plush-Panic/Plush Panic/Assets
GfxDevice: creating device client; threaded=0
Direct3D:
    Version:  Direct3D 11.0 [level 11.1]
    Renderer: NVIDIA GeForce RTX 3080 (ID=0x2206)
    Vendor:   
    VRAM:     10067 MB
    Driver:   31.0.15.3770
Initialize mono
Mono path[0] = 'C:/Program Files/Unity/Hub/Editor/2020.3.39f1/Editor/Data/Managed'
Mono path[1] = 'C:/Program Files/Unity/Hub/Editor/2020.3.39f1/Editor/Data/MonoBleedingEdge/lib/mono/unityjit'
Mono config path = 'C:/Program Files/Unity/Hub/Editor/2020.3.39f1/Editor/Data/MonoBleedingEdge/etc'
Using monoOptions --debugger-agent=transport=dt_socket,embedding=1,server=y,suspend=n,address=127.0.0.1:56252
Begin MonoManager ReloadAssembly
Registering precompiled unity dll's ...
Register platform support module: C:/Program Files/Unity/Hub/Editor/2020.3.39f1/Editor/Data/PlaybackEngines/WindowsStandaloneSupport/UnityEditor.WindowsStandalone.Extensions.dll
Registered in 0.002349 seconds.
Native extension for WindowsStandalone target not found
Refreshing native plugins compatible for Editor in 30.80 ms, found 2 plugins.
Preloading 0 native plugins for Editor in 0.00 ms.
Mono: successfully reloaded assembly
- Completed reload, in  0.474 seconds
Domain Reload Profiling:
	ReloadAssembly (475ms)
		BeginReloadAssembly (70ms)
			ExecutionOrderSort (0ms)
			DisableScriptedObjects (0ms)
			BackupInstance (0ms)
			ReleaseScriptingObjects (0ms)
			CreateAndSetChildDomain (1ms)
		EndReloadAssembly (347ms)
			LoadAssemblies (69ms)
			RebuildTransferFunctionScriptingTraits (0ms)
			SetupTypeCache (115ms)
			ReleaseScriptCaches (0ms)
			RebuildScriptCaches (23ms)
			SetupLoadedEditorAssemblies (129ms)
				LogAssemblyErrors (0ms)
				InitializePlatformSupportModulesInManaged (3ms)
				SetLoadedEditorAssemblies (0ms)
				RefreshPlugins (31ms)
				BeforeProcessingInitializeOnLoad (10ms)
				ProcessInitializeOnLoadAttributes (63ms)
				ProcessInitializeOnLoadMethodAttributes (21ms)
				AfterProcessingInitializeOnLoad (0ms)
				EditorAssembliesLoaded (0ms)
			ExecutionOrderSort2 (0ms)
			AwakeInstancesAfterBackupRestoration (0ms)
Platform modules already initialized, skipping
Registering precompiled user dll's ...
Registered in 0.005664 seconds.
Begin MonoManager ReloadAssembly
Native extension for WindowsStandalone target not found
Refreshing native plugins compatible for Editor in 0.35 ms, found 2 plugins.
Preloading 0 native plugins for Editor in 0.00 ms.
Mono: successfully reloaded assembly
- Completed reload, in  0.829 seconds
Domain Reload Profiling:
	ReloadAssembly (830ms)
		BeginReloadAssembly (138ms)
			ExecutionOrderSort (0ms)
			DisableScriptedObjects (4ms)
			BackupInstance (0ms)
			ReleaseScriptingObjects (0ms)
			CreateAndSetChildDomain (14ms)
		EndReloadAssembly (645ms)
			LoadAssemblies (109ms)
			RebuildTransferFunctionScriptingTraits (0ms)
			SetupTypeCache (212ms)
			ReleaseScriptCaches (0ms)
			RebuildScriptCaches (33ms)
			SetupLoadedEditorAssemblies (252ms)
				LogAssemblyErrors (0ms)
				InitializePlatformSupportModulesInManaged (3ms)
				SetLoadedEditorAssemblies (0ms)
				RefreshPlugins (0ms)
				BeforeProcessingInitializeOnLoad (79ms)
				ProcessInitializeOnLoadAttributes (151ms)
				ProcessInitializeOnLoadMethodAttributes (11ms)
				AfterProcessingInitializeOnLoad (6ms)
				EditorAssembliesLoaded (0ms)
			ExecutionOrderSort2 (0ms)
			AwakeInstancesAfterBackupRestoration (1ms)
Platform modules already initialized, skipping
========================================================================
Worker process is ready to serve import requests
Launched and connected shader compiler UnityShaderCompiler.exe after 0.04 seconds
Refreshing native plugins compatible for Editor in 0.32 ms, found 2 plugins.
Preloading 0 native plugins for Editor in 0.00 ms.
Unloading 1888 Unused Serialized files (Serialized files now loaded: 0)
System memory in use before: 97.8 MB.
System memory in use after: 97.9 MB.

Unloading 17 unused Assets to reduce memory usage. Loaded Objects now: 2345.
Total: 2.087900 ms (FindLiveObjects: 0.143400 ms CreateObjectMapping: 0.061500 ms MarkObjects: 1.802100 ms  DeleteObjects: 0.080600 ms)

AssetImportParameters requested are different than current active one (requested -> active):
  custom:framework-win-MediaFoundation: 216162199b28c13a410421893ffa2e32 -> 
  custom:video-decoder-ogg-theora: a1e56fd34408186e4bbccfd4996cb3dc -> 
  custom:container-muxer-webm: aa71ff27fc2769a1b78a27578f13a17b -> 
  custom:container-demuxer-webm: 4f35f7cbe854078d1ac9338744f61a02 -> 
  custom:container-demuxer-ogg: 62fdf1f143b41e24485cea50d1cbac27 -> 
  custom:video-encoder-webm-vp8: eb34c28f22e8b96e1ab97ce403110664 -> 
  custom:video-codec-MediaFoundation-h265: 746d11721c4dcdbdad8f713fa42b33f4 -> 
  custom:video-decoder-webm-vp8: 9c59270c3fd7afecdb556c50c9e8de78 -> 
  custom:audio-decoder-ogg-vorbis: bf7c407c2cedff20999df2af8eb42d56 -> 
  custom:audio-encoder-webm-vorbis: bf7c407c2cedff20999df2af8eb42d56 -> 
========================================================================
Received Import Request.
  path: Assets/Everything
  artifactKey: Guid(621e92e9287588d4381165d1f3e03944) Importer(815301076,1909f56bfc062723c751e8b465ee728b)
Start importing Assets/Everything using Guid(621e92e9287588d4381165d1f3e03944) Importer(815301076,1909f56bfc062723c751e8b465ee728b)  -> (artifact id: '8bfb138e93697baa7ddede42bb84c3b9') in 0.011736 seconds 
========================================================================
Received Import Request.
  Time since last request: 16.967845 seconds.
  path: Assets/Everything/Outside.prefab
  artifactKey: Guid(0a036379edca7ef49b531c315ac65d1d) Importer(815301076,1909f56bfc062723c751e8b465ee728b)
Start importing Assets/Everything/Outside.prefab using Guid(0a036379edca7ef49b531c315ac65d1d) Importer(815301076,1909f56bfc062723c751e8b465ee728b)  -> (artifact id: '2fa4a1ec6eea76b22123165753e57064') in 0.092244 seconds 
========================================================================
Received Import Request.
  Time since last request: 3.717410 seconds.
  path: Assets/Everything/House.prefab
  artifactKey: Guid(35512e39b5ff15f4da8957dec36f494f) Importer(815301076,1909f56bfc062723c751e8b465ee728b)
Start importing Assets/Everything/House.prefab using Guid(35512e39b5ff15f4da8957dec36f494f) Importer(815301076,1909f56bfc062723c751e8b465ee728b)  -> (artifact id: 'e04da93924446dfb4953db0c52bd2a2c') in 0.062859 seconds 
========================================================================
Received Import Request.
  Time since last request: 3.040401 seconds.
  path: Assets/Everything/Gameplay.prefab
  artifactKey: Guid(b618e140706c44b4899045e11d66b5d8) Importer(815301076,1909f56bfc062723c751e8b465ee728b)
Start importing Assets/Everything/Gameplay.prefab using Guid(b618e140706c44b4899045e11d66b5d8) Importer(815301076,1909f56bfc062723c751e8b465ee728b)  -> (artifact id: '7bf016d7fc77d8b3552ba18352e1dd26') in 0.019943 seconds 
========================================================================
Received Import Request.
  Time since last request: 2.195112 seconds.
  path: Assets/Environment.prefab
  artifactKey: Guid(f54a36418e6dc354ab41cb4d3e694652) Importer(815301076,1909f56bfc062723c751e8b465ee728b)
Start importing Assets/Environment.prefab using Guid(f54a36418e6dc354ab41cb4d3e694652) Importer(815301076,1909f56bfc062723c751e8b465ee728b)  -> (artifact id: '88db20abc33f64448219242cba43116b') in 0.014031 seconds 
AssetImportWorkerClient::OnTransportError - code=2 error=End of file
